0 info it worked if it ends with ok
1 verbose cli [ '/usr/local/Cellar/node/5.0.0/bin/node',
1 verbose cli   '/usr/local/bin/npm',
1 verbose cli   'install',
1 verbose cli   '--save',
1 verbose cli   'modules/staticDB' ]
2 info using npm@3.5.3
3 info using node@v5.0.0
4 silly loadCurrentTree Starting
5 silly install loadCurrentTree
6 silly install readLocalPackageData
7 silly fetchPackageMetaData modules/staticDB
8 silly fetchOtherPackageData modules/staticDB
9 silly cache add args [ 'modules/staticDB', null ]
10 verbose cache add spec modules/staticDB
11 silly cache add parsed spec Result {
11 silly cache add   raw: 'modules/staticDB',
11 silly cache add   scope: null,
11 silly cache add   name: null,
11 silly cache add   rawSpec: 'modules/staticDB',
11 silly cache add   spec: 'github:modules/staticDB',
11 silly cache add   type: 'hosted',
11 silly cache add   hosted:
11 silly cache add    { type: 'github',
11 silly cache add      ssh: 'git@github.com:modules/staticDB.git',
11 silly cache add      sshUrl: 'git+ssh://git@github.com/modules/staticDB.git',
11 silly cache add      httpsUrl: 'git+https://github.com/modules/staticDB.git',
11 silly cache add      gitUrl: 'git://github.com/modules/staticDB.git',
11 silly cache add      shortcut: 'github:modules/staticDB',
11 silly cache add      directUrl: 'https://raw.githubusercontent.com/modules/staticDB/master/package.json' } }
12 verbose addRemoteGit caching modules/staticDB
13 verbose addRemoteGit modules/staticDB is a repository hosted by github
14 silly tryGitProto attempting to clone git://github.com/modules/staticDB.git
15 silly tryClone cloning modules/staticDB via git://github.com/modules/staticDB.git
16 verbose tryClone git-github-com-modules-staticDB-git-fced63ae not in flight; caching
17 info git [ 'clone',
17 info git   '--template=/Users/207004/.npm/_git-remotes/_templates',
17 info git   '--mirror',
17 info git   'git://github.com/modules/staticDB.git',
17 info git   '/Users/207004/.npm/_git-remotes/git-github-com-modules-staticDB-git-fced63ae' ]
18 verbose git clone --template=/Users/207004/.npm/_git-remotes/_templates --mirror git://github.com/modules/staticDB.git /Users/207004/.npm/_git-remotes/git-github-com-modules-staticDB-git-fced63ae: Cloning into bare repository '/Users/207004/.npm/_git-remotes/git-github-com-modules-staticDB-git-fced63ae'...
18 verbose git clone --template=/Users/207004/.npm/_git-remotes/_templates --mirror git://github.com/modules/staticDB.git /Users/207004/.npm/_git-remotes/git-github-com-modules-staticDB-git-fced63ae: fatal: remote error:
18 verbose git clone --template=/Users/207004/.npm/_git-remotes/_templates --mirror git://github.com/modules/staticDB.git /Users/207004/.npm/_git-remotes/git-github-com-modules-staticDB-git-fced63ae:   Repository not found.
19 silly tryHTTPS attempting to clone git+https://github.com/modules/staticDB.git
20 silly tryClone cloning modules/staticDB via git+https://github.com/modules/staticDB.git
21 verbose tryClone git-https-github-com-modules-staticDB-git-1473c2e5 not in flight; caching
22 info git [ 'clone',
22 info git   '--template=/Users/207004/.npm/_git-remotes/_templates',
22 info git   '--mirror',
22 info git   'https://github.com/modules/staticDB.git',
22 info git   '/Users/207004/.npm/_git-remotes/git-https-github-com-modules-staticDB-git-1473c2e5' ]
23 verbose git clone --template=/Users/207004/.npm/_git-remotes/_templates --mirror https://github.com/modules/staticDB.git /Users/207004/.npm/_git-remotes/git-https-github-com-modules-staticDB-git-1473c2e5: Cloning into bare repository '/Users/207004/.npm/_git-remotes/git-https-github-com-modules-staticDB-git-1473c2e5'...
23 verbose git clone --template=/Users/207004/.npm/_git-remotes/_templates --mirror https://github.com/modules/staticDB.git /Users/207004/.npm/_git-remotes/git-https-github-com-modules-staticDB-git-1473c2e5: remote: Invalid username or password.
23 verbose git clone --template=/Users/207004/.npm/_git-remotes/_templates --mirror https://github.com/modules/staticDB.git /Users/207004/.npm/_git-remotes/git-https-github-com-modules-staticDB-git-1473c2e5: fatal: Authentication failed for 'https://github.com/modules/staticDB.git/'
24 silly trySSH attempting to clone git@github.com:modules/staticDB.git
25 silly tryClone cloning modules/staticDB via git@github.com:modules/staticDB.git
26 verbose tryClone git-github-com-modules-staticDB-git-03978b29 not in flight; caching
27 info git [ 'clone',
27 info git   '--template=/Users/207004/.npm/_git-remotes/_templates',
27 info git   '--mirror',
27 info git   'git@github.com:modules/staticDB.git',
27 info git   '/Users/207004/.npm/_git-remotes/git-github-com-modules-staticDB-git-03978b29' ]
28 error git clone --template=/Users/207004/.npm/_git-remotes/_templates --mirror git@github.com:modules/staticDB.git /Users/207004/.npm/_git-remotes/git-github-com-modules-staticDB-git-03978b29: Cloning into bare repository '/Users/207004/.npm/_git-remotes/git-github-com-modules-staticDB-git-03978b29'...
28 error git clone --template=/Users/207004/.npm/_git-remotes/_templates --mirror git@github.com:modules/staticDB.git /Users/207004/.npm/_git-remotes/git-github-com-modules-staticDB-git-03978b29: ERROR: Repository not found.
28 error git clone --template=/Users/207004/.npm/_git-remotes/_templates --mirror git@github.com:modules/staticDB.git /Users/207004/.npm/_git-remotes/git-github-com-modules-staticDB-git-03978b29: fatal: Could not read from remote repository.
28 error git clone --template=/Users/207004/.npm/_git-remotes/_templates --mirror git@github.com:modules/staticDB.git /Users/207004/.npm/_git-remotes/git-github-com-modules-staticDB-git-03978b29:
28 error git clone --template=/Users/207004/.npm/_git-remotes/_templates --mirror git@github.com:modules/staticDB.git /Users/207004/.npm/_git-remotes/git-github-com-modules-staticDB-git-03978b29: Please make sure you have the correct access rights
28 error git clone --template=/Users/207004/.npm/_git-remotes/_templates --mirror git@github.com:modules/staticDB.git /Users/207004/.npm/_git-remotes/git-github-com-modules-staticDB-git-03978b29: and the repository exists.
29 silly fetchPackageMetaData Error: Command failed: git clone --template=/Users/207004/.npm/_git-remotes/_templates --mirror git@github.com:modules/staticDB.git /Users/207004/.npm/_git-remotes/git-github-com-modules-staticDB-git-03978b29
29 silly fetchPackageMetaData Cloning into bare repository '/Users/207004/.npm/_git-remotes/git-github-com-modules-staticDB-git-03978b29'...
29 silly fetchPackageMetaData ERROR: Repository not found.
29 silly fetchPackageMetaData fatal: Could not read from remote repository.
29 silly fetchPackageMetaData
29 silly fetchPackageMetaData Please make sure you have the correct access rights
29 silly fetchPackageMetaData and the repository exists.
29 silly fetchPackageMetaData
29 silly fetchPackageMetaData     at ChildProcess.exithandler (child_process.js:203:12)
29 silly fetchPackageMetaData     at emitTwo (events.js:87:13)
29 silly fetchPackageMetaData     at ChildProcess.emit (events.js:172:7)
29 silly fetchPackageMetaData     at maybeClose (internal/child_process.js:818:16)
29 silly fetchPackageMetaData     at Process.ChildProcess._handle.onexit (internal/child_process.js:211:5)
29 silly fetchPackageMetaData  error for modules/staticDB { [Error: Command failed: git clone --template=/Users/207004/.npm/_git-remotes/_templates --mirror git@github.com:modules/staticDB.git /Users/207004/.npm/_git-remotes/git-github-com-modules-staticDB-git-03978b29
29 silly fetchPackageMetaData Cloning into bare repository '/Users/207004/.npm/_git-remotes/git-github-com-modules-staticDB-git-03978b29'...
29 silly fetchPackageMetaData ERROR: Repository not found.
29 silly fetchPackageMetaData fatal: Could not read from remote repository.
29 silly fetchPackageMetaData
29 silly fetchPackageMetaData Please make sure you have the correct access rights
29 silly fetchPackageMetaData and the repository exists.
29 silly fetchPackageMetaData ]
29 silly fetchPackageMetaData   killed: false,
29 silly fetchPackageMetaData   code: 128,
29 silly fetchPackageMetaData   signal: null,
29 silly fetchPackageMetaData   cmd: 'git clone --template=/Users/207004/.npm/_git-remotes/_templates --mirror git@github.com:modules/staticDB.git /Users/207004/.npm/_git-remotes/git-github-com-modules-staticDB-git-03978b29' }
30 silly rollbackFailedOptional Starting
31 silly rollbackFailedOptional Finishing
32 silly runTopLevelLifecycles Starting
33 silly runTopLevelLifecycles Finishing
34 silly install printInstalled
35 verbose stack Error: Command failed: git clone --template=/Users/207004/.npm/_git-remotes/_templates --mirror git@github.com:modules/staticDB.git /Users/207004/.npm/_git-remotes/git-github-com-modules-staticDB-git-03978b29
35 verbose stack Cloning into bare repository '/Users/207004/.npm/_git-remotes/git-github-com-modules-staticDB-git-03978b29'...
35 verbose stack ERROR: Repository not found.
35 verbose stack fatal: Could not read from remote repository.
35 verbose stack
35 verbose stack Please make sure you have the correct access rights
35 verbose stack and the repository exists.
35 verbose stack
35 verbose stack     at ChildProcess.exithandler (child_process.js:203:12)
35 verbose stack     at emitTwo (events.js:87:13)
35 verbose stack     at ChildProcess.emit (events.js:172:7)
35 verbose stack     at maybeClose (internal/child_process.js:818:16)
35 verbose stack     at Process.ChildProcess._handle.onexit (internal/child_process.js:211:5)
36 verbose cwd /Users/207004/Desktop/github/OngoingIdeas/SiegeNYC/web
37 error Darwin 14.5.0
38 error argv "/usr/local/Cellar/node/5.0.0/bin/node" "/usr/local/bin/npm" "install" "--save" "modules/staticDB"
39 error node v5.0.0
40 error npm  v3.5.3
41 error code 128
42 error Command failed: git clone --template=/Users/207004/.npm/_git-remotes/_templates --mirror git@github.com:modules/staticDB.git /Users/207004/.npm/_git-remotes/git-github-com-modules-staticDB-git-03978b29
42 error Cloning into bare repository '/Users/207004/.npm/_git-remotes/git-github-com-modules-staticDB-git-03978b29'...
42 error ERROR: Repository not found.
42 error fatal: Could not read from remote repository.
42 error
42 error Please make sure you have the correct access rights
42 error and the repository exists.
43 error If you need help, you may report this error at:
43 error     <https://github.com/npm/npm/issues>
44 verbose exit [ 1, true ]
